Using pre-set license
Built from '2020.3/staging' branch; Version is '2020.3.23f1 (c5d91304a876) revision 12966163'; Using compiler version '192528614'; Build Type 'Release'
OS: 'Windows 10 Pro; OS build 19044.1766; Version 2009; 64bit' Language: 'ru' Physical Memory: 14188 MB
BatchMode: 1, IsHumanControllingUs: 0, StartBugReporterOnCrash: 0, Is64bit: 1, IsPro: 0

COMMAND LINE ARGUMENTS:
C:\Program Files\Unity\Hub\Editor\2020.3.23f1\Editor\Unity.exe
-adb2
-batchMode
-noUpm
-name
AssetImportWorker0
-projectPath
C:/UNITY_PROJECTS/BeautyTycoon
-logFile
Logs/AssetImportWorker0.log
-srvPort
52370
Successfully changed project path to: C:/UNITY_PROJECTS/BeautyTycoon
C:/UNITY_PROJECTS/BeautyTycoon
Using Asset Import Pipeline V2.
Refreshing native plugins compatible for Editor in 42.87 ms, found 3 plugins.
Preloading 0 native plugins for Editor in 0.00 ms.
Initialize engine version: 2020.3.23f1 (c5d91304a876)
[Subsystems] Discovering subsystems at path C:/Program Files/Unity/Hub/Editor/2020.3.23f1/Editor/Data/Resources/UnitySubsystems
[Subsystems] Discovering subsystems at path C:/UNITY_PROJECTS/BeautyTycoon/Assets
GfxDevice: creating device client; threaded=0
Direct3D:
    Version:  Direct3D 11.0 [level 11.1]
    Renderer: NVIDIA GeForce RTX 3050 Laptop GPU (ID=0x25a2)
    Vendor:   
    VRAM:     3993 MB
    Driver:   30.0.14.9676
Initialize mono
Mono path[0] = 'C:/Program Files/Unity/Hub/Editor/2020.3.23f1/Editor/Data/Managed'
Mono path[1] = 'C:/Program Files/Unity/Hub/Editor/2020.3.23f1/Editor/Data/MonoBleedingEdge/lib/mono/unityjit'
Mono config path = 'C:/Program Files/Unity/Hub/Editor/2020.3.23f1/Editor/Data/MonoBleedingEdge/etc'
Using monoOptions --debugger-agent=transport=dt_socket,embedding=1,server=y,suspend=n,address=127.0.0.1:56040
Begin MonoManager ReloadAssembly
Registering precompiled unity dll's ...
Register platform support module: C:/Program Files/Unity/Hub/Editor/2020.3.23f1/Editor/Data/PlaybackEngines/WindowsStandaloneSupport/UnityEditor.WindowsStandalone.Extensions.dll
Registered in 0.001473 seconds.
Native extension for WindowsStandalone target not found
Refreshing native plugins compatible for Editor in 42.25 ms, found 3 plugins.
Preloading 0 native plugins for Editor in 0.00 ms.
Mono: successfully reloaded assembly
- Completed reload, in  0.417 seconds
Domain Reload Profiling:
	ReloadAssembly (417ms)
		BeginReloadAssembly (38ms)
			ExecutionOrderSort (0ms)
			DisableScriptedObjects (0ms)
			BackupInstance (0ms)
			ReleaseScriptingObjects (0ms)
			CreateAndSetChildDomain (1ms)
		EndReloadAssembly (326ms)
			LoadAssemblies (36ms)
			RebuildTransferFunctionScriptingTraits (0ms)
			SetupTypeCache (96ms)
			ReleaseScriptCaches (0ms)
			RebuildScriptCaches (19ms)
			SetupLoadedEditorAssemblies (139ms)
				LogAssemblyErrors (0ms)
				InitializePlatformSupportModulesInManaged (3ms)
				SetLoadedEditorAssemblies (0ms)
				RefreshPlugins (42ms)
				BeforeProcessingInitializeOnLoad (12ms)
				ProcessInitializeOnLoadAttributes (61ms)
				ProcessInitializeOnLoadMethodAttributes (20ms)
				AfterProcessingInitializeOnLoad (0ms)
				EditorAssembliesLoaded (0ms)
			ExecutionOrderSort2 (0ms)
			AwakeInstancesAfterBackupRestoration (0ms)
Platform modules already initialized, skipping
Registering precompiled user dll's ...
Registered in 0.003422 seconds.
Begin MonoManager ReloadAssembly
Native extension for WindowsStandalone target not found
Refreshing native plugins compatible for Editor in 43.33 ms, found 3 plugins.
Preloading 0 native plugins for Editor in 0.00 ms.
Mono: successfully reloaded assembly
- Completed reload, in  0.795 seconds
Domain Reload Profiling:
	ReloadAssembly (795ms)
		BeginReloadAssembly (99ms)
			ExecutionOrderSort (0ms)
			DisableScriptedObjects (4ms)
			BackupInstance (0ms)
			ReleaseScriptingObjects (0ms)
			CreateAndSetChildDomain (16ms)
		EndReloadAssembly (651ms)
			LoadAssemblies (67ms)
			RebuildTransferFunctionScriptingTraits (0ms)
			SetupTypeCache (197ms)
			ReleaseScriptCaches (0ms)
			RebuildScriptCaches (32ms)
			SetupLoadedEditorAssemblies (273ms)
				LogAssemblyErrors (0ms)
				InitializePlatformSupportModulesInManaged (3ms)
				SetLoadedEditorAssemblies (0ms)
				RefreshPlugins (43ms)
				BeforeProcessingInitializeOnLoad (66ms)
				ProcessInitializeOnLoadAttributes (143ms)
				ProcessInitializeOnLoadMethodAttributes (13ms)
				AfterProcessingInitializeOnLoad (5ms)
				EditorAssembliesLoaded (0ms)
			ExecutionOrderSort2 (0ms)
			AwakeInstancesAfterBackupRestoration (5ms)
Platform modules already initialized, skipping
========================================================================
Worker process is ready to serve import requests
Launched and connected shader compiler UnityShaderCompiler.exe after 0.03 seconds
Refreshing native plugins compatible for Editor in 0.63 ms, found 3 plugins.
Preloading 0 native plugins for Editor in 0.00 ms.
Unloading 2263 Unused Serialized files (Serialized files now loaded: 0)
System memory in use before: 100.5 MB.
System memory in use after: 100.6 MB.

Unloading 28 unused Assets to reduce memory usage. Loaded Objects now: 2696.
Total: 3.240700 ms (FindLiveObjects: 0.184800 ms CreateObjectMapping: 0.080900 ms MarkObjects: 2.910300 ms  DeleteObjects: 0.063500 ms)

AssetImportParameters requested are different than current active one (requested -> active):
  custom:framework-win-MediaFoundation: 216162199b28c13a410421893ffa2e32 -> 
  custom:video-decoder-ogg-theora: a1e56fd34408186e4bbccfd4996cb3dc -> 
  custom:container-muxer-webm: aa71ff27fc2769a1b78a27578f13a17b -> 
  custom:container-demuxer-webm: 4f35f7cbe854078d1ac9338744f61a02 -> 
  custom:container-demuxer-ogg: 62fdf1f143b41e24485cea50d1cbac27 -> 
  custom:video-encoder-webm-vp8: eb34c28f22e8b96e1ab97ce403110664 -> 
  custom:video-decoder-webm-vp8: 9c59270c3fd7afecdb556c50c9e8de78 -> 
  custom:audio-decoder-ogg-vorbis: bf7c407c2cedff20999df2af8eb42d56 -> 
  custom:audio-encoder-webm-vorbis: bf7c407c2cedff20999df2af8eb42d56 -> 
========================================================================
Received Import Request.
  path: Assets/Scenes
  artifactKey: Guid(4b193865abbfeb84d83b7c98de59164b) Importer(815301076,1909f56bfc062723c751e8b465ee728b)
Start importing Assets/Scenes using Guid(4b193865abbfeb84d83b7c98de59164b) Importer(815301076,1909f56bfc062723c751e8b465ee728b)  -> (artifact id: '37b6e531e566ea90dbb5ba9481d26373') in 0.007809 seconds 
  Import took 0.011017 seconds .

========================================================================
Received Import Request.
  Time since last request: 86.351080 seconds.
  path: Assets/Scripts
  artifactKey: Guid(86619972906b6b24f9fa6cebe974ef66) Importer(815301076,1909f56bfc062723c751e8b465ee728b)
Start importing Assets/Scripts using Guid(86619972906b6b24f9fa6cebe974ef66) Importer(815301076,1909f56bfc062723c751e8b465ee728b)  -> (artifact id: '5c453938c8717555dbe51bd253f1e2d8') in 0.007112 seconds 
  Import took 0.010547 seconds .

========================================================================
Received Import Request.
  Time since last request: 1.171379 seconds.
  path: Assets/Scenes/SampleScene.unity
  artifactKey: Guid(2cda990e2423bbf4892e6590ba056729) Importer(815301076,1909f56bfc062723c751e8b465ee728b)
Start importing Assets/Scenes/SampleScene.unity using Guid(2cda990e2423bbf4892e6590ba056729) Importer(815301076,1909f56bfc062723c751e8b465ee728b)  -> (artifact id: 'cd4d75c969b9c190ef990ddb4643c978') in 0.012301 seconds 
  Import took 0.015493 seconds .

========================================================================
Received Import Request.
  Time since last request: 1.309542 seconds.
  path: Assets/Scenes/SampleScene
  artifactKey: Guid(d2e9fa02b8711d14a8ba481de8a55a82) Importer(815301076,1909f56bfc062723c751e8b465ee728b)
Start importing Assets/Scenes/SampleScene using Guid(d2e9fa02b8711d14a8ba481de8a55a82) Importer(815301076,1909f56bfc062723c751e8b465ee728b)  -> (artifact id: '72bcc232a782e13fab53802180599eaa') in 0.005204 seconds 
  Import took 0.009111 seconds .

========================================================================
Received Import Request.
  Time since last request: 0.054716 seconds.
  path: Assets/Scenes/SampleScene/NavMesh-NavMesh2D.asset
  artifactKey: Guid(7a307cedc985b6c419e6413ff0301d0b) Importer(815301076,1909f56bfc062723c751e8b465ee728b)
Start importing Assets/Scenes/SampleScene/NavMesh-NavMesh2D.asset using Guid(7a307cedc985b6c419e6413ff0301d0b) Importer(815301076,1909f56bfc062723c751e8b465ee728b)  -> (artifact id: '3637c0aee1ee99de4b50b7fb63b3d5cc') in 0.015535 seconds 
  Import took 0.019020 seconds .

========================================================================
Received Import Request.
  Time since last request: 0.000130 seconds.
  path: Assets/Scenes/SampleScene/NavMesh-NavMeshSurface.asset
  artifactKey: Guid(b7dad97bd7ccf59449ab31384ff3133b) Importer(815301076,1909f56bfc062723c751e8b465ee728b)
Start importing Assets/Scenes/SampleScene/NavMesh-NavMeshSurface.asset using Guid(b7dad97bd7ccf59449ab31384ff3133b) Importer(815301076,1909f56bfc062723c751e8b465ee728b)  -> (artifact id: '980d5222623e1424505b0b79e7d86e2e') in 0.005297 seconds 
  Import took 0.008088 seconds .

========================================================================
Received Import Request.
  Time since last request: 11.928219 seconds.
  path: Assets/Alphabet
  artifactKey: Guid(9bf0447f5cd415c4098ee60203197b3e) Importer(815301076,1909f56bfc062723c751e8b465ee728b)
Start importing Assets/Alphabet using Guid(9bf0447f5cd415c4098ee60203197b3e) Importer(815301076,1909f56bfc062723c751e8b465ee728b)  -> (artifact id: '381a8e8cbd4d6704bebffd0c1ec42b1f') in 0.005080 seconds 
  Import took 0.008321 seconds .

========================================================================
Received Import Request.
  Time since last request: 0.063679 seconds.
  path: Assets/Alphabet/a 1.png
  artifactKey: Guid(52e16672a2a917445b3a8422d2928bad) Importer(815301076,1909f56bfc062723c751e8b465ee728b)
Start importing Assets/Alphabet/a 1.png using Guid(52e16672a2a917445b3a8422d2928bad) Importer(815301076,1909f56bfc062723c751e8b465ee728b)  -> (artifact id: '948aab19890fdb23a9e197b8a89a6514') in 0.057549 seconds 
  Import took 0.061001 seconds .

========================================================================
Received Import Request.
  Time since last request: 0.000144 seconds.
  path: Assets/Alphabet/a 2.png
  artifactKey: Guid(f5392efe43c71ea49b48cc304d752b19) Importer(815301076,1909f56bfc062723c751e8b465ee728b)
Start importing Assets/Alphabet/a 2.png using Guid(f5392efe43c71ea49b48cc304d752b19) Importer(815301076,1909f56bfc062723c751e8b465ee728b)  -> (artifact id: '4283e8d953cf1371424146c7811f9e48') in 0.010463 seconds 
  Import took 0.013771 seconds .

========================================================================
Received Import Request.
  Time since last request: 0.000155 seconds.
  path: Assets/Alphabet/e 2.png
  artifactKey: Guid(8489d0d24d08ce04f85b246b109063d8) Importer(815301076,1909f56bfc062723c751e8b465ee728b)
Start importing Assets/Alphabet/e 2.png using Guid(8489d0d24d08ce04f85b246b109063d8) Importer(815301076,1909f56bfc062723c751e8b465ee728b)  -> (artifact id: '847052c30c4bc8d680c5b3c285207e42') in 0.010282 seconds 
  Import took 0.013663 seconds .

========================================================================
Received Import Request.
  Time since last request: 0.000150 seconds.
  path: Assets/Alphabet/e 1.png
  artifactKey: Guid(4057998d61a58904da5f40d0a98f908b) Importer(815301076,1909f56bfc062723c751e8b465ee728b)
Start importing Assets/Alphabet/e 1.png using Guid(4057998d61a58904da5f40d0a98f908b) Importer(815301076,1909f56bfc062723c751e8b465ee728b)  -> (artifact id: 'bcd98ea355c661426b33930fe31cd9c3') in 0.010206 seconds 
  Import took 0.014136 seconds .

========================================================================
Received Import Request.
  Time since last request: 0.000161 seconds.
  path: Assets/Alphabet/c 1.png
  artifactKey: Guid(62878f9e4013c9e48806d38ca4fff10f) Importer(815301076,1909f56bfc062723c751e8b465ee728b)
Start importing Assets/Alphabet/c 1.png using Guid(62878f9e4013c9e48806d38ca4fff10f) Importer(815301076,1909f56bfc062723c751e8b465ee728b)  -> (artifact id: 'bb70a26f8111d65c2eaa53ae148b404b') in 0.010844 seconds 
  Import took 0.014297 seconds .

========================================================================
Received Import Request.
  Time since last request: 0.000145 seconds.
  path: Assets/Alphabet/m 2.png
  artifactKey: Guid(5eb30953a32b3bc41b5ecd8d1caa8414) Importer(815301076,1909f56bfc062723c751e8b465ee728b)
Start importing Assets/Alphabet/m 2.png using Guid(5eb30953a32b3bc41b5ecd8d1caa8414) Importer(815301076,1909f56bfc062723c751e8b465ee728b)  -> (artifact id: 'e39803544b0da72b49276156b03501b3') in 0.011673 seconds 
  Import took 0.015768 seconds .

========================================================================
Received Import Request.
  Time since last request: 0.000140 seconds.
  path: Assets/Alphabet/k 1.png
  artifactKey: Guid(866654c4927f06141a8d4df4352ab53c) Importer(815301076,1909f56bfc062723c751e8b465ee728b)
Start importing Assets/Alphabet/k 1.png using Guid(866654c4927f06141a8d4df4352ab53c) Importer(815301076,1909f56bfc062723c751e8b465ee728b)  -> (artifact id: 'a4c3cb72f180a5e23970aa84fcf39f93') in 0.010346 seconds 
  Import took 0.013499 seconds .

========================================================================
Received Import Request.
  Time since last request: 0.000148 seconds.
  path: Assets/Alphabet/d 2.png
  artifactKey: Guid(cad239d0e4f12d145874481eb19c8144) Importer(815301076,1909f56bfc062723c751e8b465ee728b)
Start importing Assets/Alphabet/d 2.png using Guid(cad239d0e4f12d145874481eb19c8144) Importer(815301076,1909f56bfc062723c751e8b465ee728b)  -> (artifact id: 'da0245b950208b5ce9fd89b32398638e') in 0.009960 seconds 
  Import took 0.013308 seconds .

========================================================================
Received Import Request.
  Time since last request: 0.000134 seconds.
  path: Assets/Alphabet/n 1.png
  artifactKey: Guid(42800db26645e2e4fb2acda3d8743ff7) Importer(815301076,1909f56bfc062723c751e8b465ee728b)
Start importing Assets/Alphabet/n 1.png using Guid(42800db26645e2e4fb2acda3d8743ff7) Importer(815301076,1909f56bfc062723c751e8b465ee728b)  -> (artifact id: '8d3799b2bbef1b4c4d7ab38ab00d7909') in 0.011038 seconds 
  Import took 0.015046 seconds .

========================================================================
Received Import Request.
  Time since last request: 0.000158 seconds.
  path: Assets/Alphabet/f 2.png
  artifactKey: Guid(a5003718ca7de944886a59ddc3c5f92f) Importer(815301076,1909f56bfc062723c751e8b465ee728b)
Start importing Assets/Alphabet/f 2.png using Guid(a5003718ca7de944886a59ddc3c5f92f) Importer(815301076,1909f56bfc062723c751e8b465ee728b)  -> (artifact id: '0a7eb0e17186682122a12b20f5bbaccf') in 0.010773 seconds 
  Import took 0.014160 seconds .

========================================================================
Received Import Request.
  Time since last request: 0.000163 seconds.
  path: Assets/Alphabet/i 1.png
  artifactKey: Guid(a503cc57defb7494ebaddd48279a9bd1) Importer(815301076,1909f56bfc062723c751e8b465ee728b)
Start importing Assets/Alphabet/i 1.png using Guid(a503cc57defb7494ebaddd48279a9bd1) Importer(815301076,1909f56bfc062723c751e8b465ee728b)  -> (artifact id: '488359d30345d5182ecfcc9ca42731af') in 0.011330 seconds 
  Import took 0.014918 seconds .

========================================================================
Received Import Request.
  Time since last request: 0.000155 seconds.
  path: Assets/Alphabet/l 1.png
  artifactKey: Guid(023cec0f69e99e5498b0cbcb74266c4c) Importer(815301076,1909f56bfc062723c751e8b465ee728b)
Start importing Assets/Alphabet/l 1.png using Guid(023cec0f69e99e5498b0cbcb74266c4c) Importer(815301076,1909f56bfc062723c751e8b465ee728b)  -> (artifact id: 'dde821b960a00d3e6f08913f5ab6e0a8') in 0.010939 seconds 
  Import took 0.014682 seconds .

========================================================================
Received Import Request.
  Time since last request: 0.000201 seconds.
  path: Assets/Alphabet/i 2.png
  artifactKey: Guid(417ead4b8cfd8314d831478072f0163c) Importer(815301076,1909f56bfc062723c751e8b465ee728b)
Start importing Assets/Alphabet/i 2.png using Guid(417ead4b8cfd8314d831478072f0163c) Importer(815301076,1909f56bfc062723c751e8b465ee728b)  -> (artifact id: '1e0d4951a670d8403f5d262fd3e951ce') in 0.010208 seconds 
  Import took 0.013282 seconds .

========================================================================
Received Import Request.
  Time since last request: 0.000144 seconds.
  path: Assets/Alphabet/f 1.png
  artifactKey: Guid(15fe456002f413a478e0fc14b2f8879b) Importer(815301076,1909f56bfc062723c751e8b465ee728b)
Start importing Assets/Alphabet/f 1.png using Guid(15fe456002f413a478e0fc14b2f8879b) Importer(815301076,1909f56bfc062723c751e8b465ee728b)  -> (artifact id: '52e348de3bcefbb4542fa95513fc59a4') in 0.009867 seconds 
  Import took 0.013068 seconds .

========================================================================
Received Import Request.
  Time since last request: 0.000175 seconds.
  path: Assets/Alphabet/g 1.png
  artifactKey: Guid(0ac4b980a4c6c1749a42e01292e666fa) Importer(815301076,1909f56bfc062723c751e8b465ee728b)
Start importing Assets/Alphabet/g 1.png using Guid(0ac4b980a4c6c1749a42e01292e666fa) Importer(815301076,1909f56bfc062723c751e8b465ee728b)  -> (artifact id: '555a9d955270d4166adadccb185f9a13') in 0.010071 seconds 
  Import took 0.013573 seconds .

========================================================================
Received Import Request.
  Time since last request: 0.000157 seconds.
  path: Assets/Alphabet/j 2.png
  artifactKey: Guid(0015349c1584b6a4391c7dbe951891d5) Importer(815301076,1909f56bfc062723c751e8b465ee728b)
Start importing Assets/Alphabet/j 2.png using Guid(0015349c1584b6a4391c7dbe951891d5) Importer(815301076,1909f56bfc062723c751e8b465ee728b)  -> (artifact id: '4e11147223da5202b76383eac0cf693b') in 0.011523 seconds 
  Import took 0.015101 seconds .

========================================================================
Received Import Request.
  Time since last request: 0.000150 seconds.
  path: Assets/Alphabet/b 1.png
  artifactKey: Guid(9188a84f9e9ed584faf6e2414397f5ea) Importer(815301076,1909f56bfc062723c751e8b465ee728b)
Start importing Assets/Alphabet/b 1.png using Guid(9188a84f9e9ed584faf6e2414397f5ea) Importer(815301076,1909f56bfc062723c751e8b465ee728b)  -> (artifact id: '3c8d2b2e80b2100861a55a4ce886d684') in 0.009848 seconds 
  Import took 0.013086 seconds .

========================================================================
Received Import Request.
  Time since last request: 0.000234 seconds.
  path: Assets/Alphabet/h 1.png
  artifactKey: Guid(e47f4c5548eb513459f8a3aff0201534) Importer(815301076,1909f56bfc062723c751e8b465ee728b)
Start importing Assets/Alphabet/h 1.png using Guid(e47f4c5548eb513459f8a3aff0201534) Importer(815301076,1909f56bfc062723c751e8b465ee728b)  -> (artifact id: 'eaf602d08bf3c07addf27ba5049d9ba9') in 0.011428 seconds 
  Import took 0.015064 seconds .

========================================================================
Received Import Request.
  Time since last request: 0.000141 seconds.
  path: Assets/Alphabet/j 1.png
  artifactKey: Guid(2ae7749f31461c44ab44e97189595c70) Importer(815301076,1909f56bfc062723c751e8b465ee728b)
Start importing Assets/Alphabet/j 1.png using Guid(2ae7749f31461c44ab44e97189595c70) Importer(815301076,1909f56bfc062723c751e8b465ee728b)  -> (artifact id: '229abe55b7d76ff44c5f0d456badde57') in 0.010422 seconds 
  Import took 0.013566 seconds .

========================================================================
Received Import Request.
  Time since last request: 0.000140 seconds.
  path: Assets/Alphabet/n 2.png
  artifactKey: Guid(e7bd02286ced9fa4e8fef04787f6f102) Importer(815301076,1909f56bfc062723c751e8b465ee728b)
Start importing Assets/Alphabet/n 2.png using Guid(e7bd02286ced9fa4e8fef04787f6f102) Importer(815301076,1909f56bfc062723c751e8b465ee728b)  -> (artifact id: 'fb26b0bdd11ac544b19815c6d4112387') in 0.010814 seconds 
  Import took 0.014739 seconds .

========================================================================
Received Import Request.
  Time since last request: 0.000147 seconds.
  path: Assets/Alphabet/b 2.png
  artifactKey: Guid(2f6b9ae3323911343a63bff2388e3041) Importer(815301076,1909f56bfc062723c751e8b465ee728b)
Start importing Assets/Alphabet/b 2.png using Guid(2f6b9ae3323911343a63bff2388e3041) Importer(815301076,1909f56bfc062723c751e8b465ee728b)  -> (artifact id: '32da2e0762b5a764558414443dc5eb2f') in 0.010832 seconds 
  Import took 0.013793 seconds .

========================================================================
Received Import Request.
  Time since last request: 0.000156 seconds.
  path: Assets/Alphabet/l 2.png
  artifactKey: Guid(2492d22ea77d03541b2afe423defc2da) Importer(815301076,1909f56bfc062723c751e8b465ee728b)
Start importing Assets/Alphabet/l 2.png using Guid(2492d22ea77d03541b2afe423defc2da) Importer(815301076,1909f56bfc062723c751e8b465ee728b)  -> (artifact id: '4c3a0c942b337d0ba0e1e6d20facaaad') in 0.010322 seconds 
  Import took 0.014028 seconds .

========================================================================
Received Import Request.
  Time since last request: 0.000145 seconds.
  path: Assets/Alphabet/h 2.png
  artifactKey: Guid(4a46aed4446bffa458d40bc1d8981a1d) Importer(815301076,1909f56bfc062723c751e8b465ee728b)
Start importing Assets/Alphabet/h 2.png using Guid(4a46aed4446bffa458d40bc1d8981a1d) Importer(815301076,1909f56bfc062723c751e8b465ee728b)  -> (artifact id: '7ff9b2cd0d099fd77e4c0b2d5affad6e') in 0.010736 seconds 
  Import took 0.014299 seconds .

========================================================================
Received Import Request.
  Time since last request: 0.000147 seconds.
  path: Assets/Alphabet/d 1.png
  artifactKey: Guid(033ff3531a08f2c49b6de8099f4c311b) Importer(815301076,1909f56bfc062723c751e8b465ee728b)
Start importing Assets/Alphabet/d 1.png using Guid(033ff3531a08f2c49b6de8099f4c311b) Importer(815301076,1909f56bfc062723c751e8b465ee728b)  -> (artifact id: '0003f37e7989c80fbfb7aaa7a436a840') in 0.010581 seconds 
  Import took 0.014719 seconds .

========================================================================
Received Import Request.
  Time since last request: 0.000172 seconds.
  path: Assets/Alphabet/k 2.png
  artifactKey: Guid(c01b208bb3ed58546ba13a4277951ab0) Importer(815301076,1909f56bfc062723c751e8b465ee728b)
Start importing Assets/Alphabet/k 2.png using Guid(c01b208bb3ed58546ba13a4277951ab0) Importer(815301076,1909f56bfc062723c751e8b465ee728b)  -> (artifact id: 'facd7fac53a2663ba851622acd07a56e') in 0.010879 seconds 
  Import took 0.014249 seconds .

========================================================================
Received Import Request.
  Time since last request: 0.000189 seconds.
  path: Assets/Alphabet/m 1.png
  artifactKey: Guid(ac3596b654f83cd4fac2ea30bc7149f6) Importer(815301076,1909f56bfc062723c751e8b465ee728b)
Start importing Assets/Alphabet/m 1.png using Guid(ac3596b654f83cd4fac2ea30bc7149f6) Importer(815301076,1909f56bfc062723c751e8b465ee728b)  -> (artifact id: '2990431fbece73a647c8ade13ba7309d') in 0.010707 seconds 
  Import took 0.014254 seconds .

========================================================================
Received Import Request.
  Time since last request: 0.000141 seconds.
  path: Assets/Alphabet/c 2.png
  artifactKey: Guid(7dc70f77a335a124cbfe9fa58eb3fa94) Importer(815301076,1909f56bfc062723c751e8b465ee728b)
Start importing Assets/Alphabet/c 2.png using Guid(7dc70f77a335a124cbfe9fa58eb3fa94) Importer(815301076,1909f56bfc062723c751e8b465ee728b)  -> (artifact id: '892297577725d6e6e8a01ba41e5efef7') in 0.010928 seconds 
  Import took 0.014048 seconds .

========================================================================
Received Import Request.
  Time since last request: 0.000145 seconds.
  path: Assets/Alphabet/g 2.png
  artifactKey: Guid(358271958b8b740479553dc4a0f0f494) Importer(815301076,1909f56bfc062723c751e8b465ee728b)
Start importing Assets/Alphabet/g 2.png using Guid(358271958b8b740479553dc4a0f0f494) Importer(815301076,1909f56bfc062723c751e8b465ee728b)  -> (artifact id: 'f85170035a91eca7e8f104289a225bae') in 0.010039 seconds 
  Import took 0.013441 seconds .

========================================================================
Received Prepare
Registering precompiled user dll's ...
Registered in 0.003512 seconds.
Begin MonoManager ReloadAssembly
Native extension for WindowsStandalone target not found
Refreshing native plugins compatible for Editor in 0.59 ms, found 3 plugins.
Preloading 0 native plugins for Editor in 0.00 ms.
Mono: successfully reloaded assembly
- Completed reload, in  0.721 seconds
Domain Reload Profiling:
	ReloadAssembly (721ms)
		BeginReloadAssembly (102ms)
			ExecutionOrderSort (0ms)
			DisableScriptedObjects (4ms)
			BackupInstance (0ms)
			ReleaseScriptingObjects (0ms)
			CreateAndSetChildDomain (30ms)
		EndReloadAssembly (574ms)
			LoadAssemblies (64ms)
			RebuildTransferFunctionScriptingTraits (0ms)
			SetupTypeCache (190ms)
			ReleaseScriptCaches (1ms)
			RebuildScriptCaches (29ms)
			SetupLoadedEditorAssemblies (222ms)
				LogAssemblyErrors (0ms)
				InitializePlatformSupportModulesInManaged (3ms)
				SetLoadedEditorAssemblies (0ms)
				RefreshPlugins (1ms)
				BeforeProcessingInitializeOnLoad (64ms)
				ProcessInitializeOnLoadAttributes (140ms)
				ProcessInitializeOnLoadMethodAttributes (8ms)
				AfterProcessingInitializeOnLoad (5ms)
				EditorAssembliesLoaded (0ms)
			ExecutionOrderSort2 (0ms)
			AwakeInstancesAfterBackupRestoration (6ms)
Platform modules already initialized, skipping
Refreshing native plugins compatible for Editor in 0.49 ms, found 3 plugins.
Preloading 0 native plugins for Editor in 0.00 ms.
Unloading 2252 Unused Serialized files (Serialized files now loaded: 0)
System memory in use before: 103.0 MB.
System memory in use after: 103.1 MB.

Unloading 17 unused Assets to reduce memory usage. Loaded Objects now: 2708.
Total: 2.473700 ms (FindLiveObjects: 0.182400 ms CreateObjectMapping: 0.054900 ms MarkObjects: 2.221000 ms  DeleteObjects: 0.014600 ms)

AssetImportParameters requested are different than current active one (requested -> active):
  custom:framework-win-MediaFoundation: 216162199b28c13a410421893ffa2e32 -> 
  custom:video-decoder-ogg-theora: a1e56fd34408186e4bbccfd4996cb3dc -> 
  custom:container-muxer-webm: aa71ff27fc2769a1b78a27578f13a17b -> 
  custom:container-demuxer-webm: 4f35f7cbe854078d1ac9338744f61a02 -> 
  custom:container-demuxer-ogg: 62fdf1f143b41e24485cea50d1cbac27 -> 
  custom:video-encoder-webm-vp8: eb34c28f22e8b96e1ab97ce403110664 -> 
  custom:video-decoder-webm-vp8: 9c59270c3fd7afecdb556c50c9e8de78 -> 
  custom:audio-decoder-ogg-vorbis: bf7c407c2cedff20999df2af8eb42d56 -> 
  custom:audio-encoder-webm-vorbis: bf7c407c2cedff20999df2af8eb42d56 -> 
AssetImportWorkerClient::OnTransportError - code=2 error=End of file
